<?xml version="1.0" encoding="UTF-8"?>
<testng-results skipped="0" failed="1" ignored="6" total="9" passed="2">
  <reporter-output>
  </reporter-output>
  <suite name="GRIDSuite" duration-ms="78275" started-at="2021-12-28T11:57:44Z" finished-at="2021-12-28T11:59:02Z">
    <groups>
    </groups>
    <test name="Test1" duration-ms="59411" started-at="2021-12-28T11:57:44Z" finished-at="2021-12-28T11:58:43Z">
      <class name="dockergrid.dockerseleniumgrid">
        <test-method status="PASS" signature="setUp(java.lang.String)[pri:0, instance:dockergrid.dockerseleniumgrid@6193932a]" name="setUp" is-config="true" duration-ms="39293" started-at="2021-12-28T11:57:44Z" finished-at="2021-12-28T11:58:23Z">
          <params>
            <param index="0">
              <value>
                <![CDATA[CHROME]]>
              </value>
            </param>
          </params>
          <reporter-output>
          </reporter-output>
        </test-method> <!-- setUp -->
        <test-method status="PASS" signature="googleOnCHROMETest()[pri:0, instance:dockergrid.dockerseleniumgrid@6193932a]" name="googleOnCHROMETest" duration-ms="19023" started-at="2021-12-28T11:58:24Z" finished-at="2021-12-28T11:58:43Z">
          <reporter-output>
          </reporter-output>
        </test-method> <!-- googleOnCHROMETest -->
        <test-method status="PASS" signature="tearDown()[pri:0, instance:dockergrid.dockerseleniumgrid@6193932a]" name="tearDown" is-config="true" duration-ms="287" started-at="2021-12-28T11:58:43Z" finished-at="2021-12-28T11:58:43Z">
          <reporter-output>
          </reporter-output>
        </test-method> <!-- tearDown -->
      </class> <!-- dockergrid.dockerseleniumgrid -->
    </test> <!-- Test1 -->
    <test name="Test3" duration-ms="77767" started-at="2021-12-28T11:57:44Z" finished-at="2021-12-28T11:59:01Z">
      <class name="dockergrid.dockerseleniumgrid">
        <test-method status="PASS" signature="setUp(java.lang.String)[pri:0, instance:dockergrid.dockerseleniumgrid@2ea227af]" name="setUp" is-config="true" duration-ms="55619" started-at="2021-12-28T11:57:44Z" finished-at="2021-12-28T11:58:39Z">
          <params>
            <param index="0">
              <value>
                <![CDATA[EDGE]]>
              </value>
            </param>
          </params>
          <reporter-output>
          </reporter-output>
        </test-method> <!-- setUp -->
        <test-method status="PASS" signature="gmailOnEdge()[pri:0, instance:dockergrid.dockerseleniumgrid@2ea227af]" name="gmailOnEdge" duration-ms="18735" started-at="2021-12-28T11:58:39Z" finished-at="2021-12-28T11:58:58Z">
          <reporter-output>
          </reporter-output>
        </test-method> <!-- gmailOnEdge -->
        <test-method status="PASS" signature="tearDown()[pri:0, instance:dockergrid.dockerseleniumgrid@2ea227af]" name="tearDown" is-config="true" duration-ms="3291" started-at="2021-12-28T11:58:58Z" finished-at="2021-12-28T11:59:01Z">
          <reporter-output>
          </reporter-output>
        </test-method> <!-- tearDown -->
      </class> <!-- dockergrid.dockerseleniumgrid -->
    </test> <!-- Test3 -->
    <test name="Test2" duration-ms="78275" started-at="2021-12-28T11:57:44Z" finished-at="2021-12-28T11:59:02Z">
      <class name="dockergrid.dockerseleniumgrid">
        <test-method status="PASS" signature="setUp(java.lang.String)[pri:0, instance:dockergrid.dockerseleniumgrid@433d61fb]" name="setUp" is-config="true" duration-ms="66933" started-at="2021-12-28T11:57:44Z" finished-at="2021-12-28T11:58:51Z">
          <params>
            <param index="0">
              <value>
                <![CDATA[FIREFOX]]>
              </value>
            </param>
          </params>
          <reporter-output>
          </reporter-output>
        </test-method> <!-- setUp -->
        <test-method status="FAIL" signature="linkedOnFFTest()[pri:0, instance:dockergrid.dockerseleniumgrid@433d61fb]" name="linkedOnFFTest" duration-ms="8031" started-at="2021-12-28T11:58:51Z" finished-at="2021-12-28T11:58:59Z">
          <exception class="java.lang.AssertionError">
            <message>
              <![CDATA[expected [Feed | LinkedIn] but found [LinkedIn: Log In or Sign Up]]]>
            </message>
            <full-stacktrace>
              <![CDATA[java.lang.AssertionError: expected [Feed | LinkedIn] but found [LinkedIn: Log In or Sign Up]
at org.testng.Assert.fail(Assert.java:96)
at org.testng.Assert.failNotEquals(Assert.java:776)
at org.testng.Assert.assertEqualsImpl(Assert.java:137)
at org.testng.Assert.assertEquals(Assert.java:118)
at org.testng.Assert.assertEquals(Assert.java:453)
at org.testng.Assert.assertEquals(Assert.java:463)
at org.testng.asserts.Assertion$11.doAssert(Assertion.java:201)
at org.testng.asserts.Assertion.executeAssert(Assertion.java:30)
at org.testng.asserts.Assertion.doAssert(Assertion.java:15)
at org.testng.asserts.Assertion.assertEquals(Assertion.java:198)
at dockergrid.dockerseleniumgrid.linkedOnFFTest(dockerseleniumgrid.java:77)
at sun.reflect.NativeMethodAccessorImpl.invoke0(Native Method)
at sun.reflect.NativeMethodAccessorImpl.invoke(NativeMethodAccessorImpl.java:62)
at sun.reflect.DelegatingMethodAccessorImpl.invoke(DelegatingMethodAccessorImpl.java:43)
at java.lang.reflect.Method.invoke(Method.java:498)
at org.testng.internal.MethodInvocationHelper.invokeMethod(MethodInvocationHelper.java:124)
at org.testng.internal.Invoker.invokeMethod(Invoker.java:583)
at org.testng.internal.Invoker.invokeTestMethod(Invoker.java:719)
at org.testng.internal.Invoker.invokeTestMethods(Invoker.java:989)
at org.testng.internal.TestMethodWorker.invokeTestMethods(TestMethodWorker.java:125)
at org.testng.internal.TestMethodWorker.run(TestMethodWorker.java:109)
at org.testng.TestRunner.privateRun(TestRunner.java:648)
at org.testng.TestRunner.run(TestRunner.java:505)
at org.testng.SuiteRunner.runTest(SuiteRunner.java:455)
at org.testng.SuiteRunner.access$000(SuiteRunner.java:40)
at org.testng.SuiteRunner$SuiteWorker.run(SuiteRunner.java:489)
at org.testng.internal.thread.ThreadUtil$1.call(ThreadUtil.java:52)
at java.util.concurrent.FutureTask.run(FutureTask.java:266)
at java.util.concurrent.ThreadPoolExecutor.runWorker(ThreadPoolExecutor.java:1149)
at java.util.concurrent.ThreadPoolExecutor$Worker.run(ThreadPoolExecutor.java:624)
at java.lang.Thread.run(Thread.java:748)
]]>
            </full-stacktrace>
          </exception> <!-- java.lang.AssertionError -->
          <reporter-output>
          </reporter-output>
        </test-method> <!-- linkedOnFFTest -->
        <test-method status="PASS" signature="tearDown()[pri:0, instance:dockergrid.dockerseleniumgrid@433d61fb]" name="tearDown" is-config="true" duration-ms="3263" started-at="2021-12-28T11:58:59Z" finished-at="2021-12-28T11:59:02Z">
          <reporter-output>
          </reporter-output>
        </test-method> <!-- tearDown -->
      </class> <!-- dockergrid.dockerseleniumgrid -->
    </test> <!-- Test2 -->
  </suite> <!-- GRIDSuite -->
</testng-results>
