<?xml version="1.0" encoding="UTF-8"?>
<!-- Generated by org.testng.reporters.JUnitReportReporter -->
<testsuite skipped="0" hostname="Raktim" name="dockergrid.dockerseleniumgrid" tests="3" failures="1" timestamp="28 Dec 2021 11:59:02 GMT" time="45.789" errors="0">
  <testcase name="linkedOnFFTest" time="8.031" classname="dockergrid.dockerseleniumgrid">
    <failure type="java.lang.AssertionError" message="expected [Feed | LinkedIn] but found [LinkedIn: Log In or Sign Up]">
      <![CDATA[java.lang.AssertionError: expected [Feed | LinkedIn] but found [LinkedIn: Log In or Sign Up]
at org.testng.Assert.fail(Assert.java:96)
at org.testng.Assert.failNotEquals(Assert.java:776)
at org.testng.Assert.assertEqualsImpl(Assert.java:137)
at org.testng.Assert.assertEquals(Assert.java:118)
at org.testng.Assert.assertEquals(Assert.java:453)
at org.testng.Assert.assertEquals(Assert.java:463)
at org.testng.asserts.Assertion$11.doAssert(Assertion.java:201)
at org.testng.asserts.Assertion.executeAssert(Assertion.java:30)
at org.testng.asserts.Assertion.doAssert(Assertion.java:15)
at org.testng.asserts.Assertion.assertEquals(Assertion.java:198)
at dockergrid.dockerseleniumgrid.linkedOnFFTest(dockerseleniumgrid.java:77)
at sun.reflect.NativeMethodAccessorImpl.invoke0(Native Method)
at sun.reflect.NativeMethodAccessorImpl.invoke(NativeMethodAccessorImpl.java:62)
at sun.reflect.DelegatingMethodAccessorImpl.invoke(DelegatingMethodAccessorImpl.java:43)
at java.lang.reflect.Method.invoke(Method.java:498)
at org.testng.internal.MethodInvocationHelper.invokeMethod(MethodInvocationHelper.java:124)
at org.testng.internal.Invoker.invokeMethod(Invoker.java:583)
at org.testng.internal.Invoker.invokeTestMethod(Invoker.java:719)
at org.testng.internal.Invoker.invokeTestMethods(Invoker.java:989)
at org.testng.internal.TestMethodWorker.invokeTestMethods(TestMethodWorker.java:125)
at org.testng.internal.TestMethodWorker.run(TestMethodWorker.java:109)
at org.testng.TestRunner.privateRun(TestRunner.java:648)
at org.testng.TestRunner.run(TestRunner.java:505)
at org.testng.SuiteRunner.runTest(SuiteRunner.java:455)
at org.testng.SuiteRunner.access$000(SuiteRunner.java:40)
at org.testng.SuiteRunner$SuiteWorker.run(SuiteRunner.java:489)
at org.testng.internal.thread.ThreadUtil$1.call(ThreadUtil.java:52)
at java.util.concurrent.FutureTask.run(FutureTask.java:266)
at java.util.concurrent.ThreadPoolExecutor.runWorker(ThreadPoolExecutor.java:1149)
at java.util.concurrent.ThreadPoolExecutor$Worker.run(ThreadPoolExecutor.java:624)
at java.lang.Thread.run(Thread.java:748)
]]>
    </failure>
  </testcase> <!-- linkedOnFFTest -->
  <testcase name="googleOnCHROMETest" time="19.023" classname="dockergrid.dockerseleniumgrid"/>
  <testcase name="gmailOnEdge" time="18.735" classname="dockergrid.dockerseleniumgrid"/>
</testsuite> <!-- dockergrid.dockerseleniumgrid -->
